Mon Dec 25 19:08:27 2023       
+---------------------------------------------------------------------------------------+
| NVIDIA-SMI 535.104.05             Driver Version: 535.104.05   CUDA Version: 12.2     |
|-----------------------------------------+----------------------+----------------------+
| GPU  Name                 Persistence-M | Bus-Id        Disp.A | Volatile Uncorr. ECC |
| Fan  Temp   Perf          Pwr:Usage/Cap |         Memory-Usage | GPU-Util  Compute M. |
|                                         |                      |               MIG M. |
|=========================================+======================+======================|
|   0  NVIDIA GeForce RTX 2080 Ti     On  | 00000000:05:00.0 Off |                  N/A |
| 31%   26C    P8              21W / 250W |      2MiB / 11264MiB |      0%      Default |
|                                         |                      |                  N/A |
+-----------------------------------------+----------------------+----------------------+
|   1  NVIDIA GeForce RTX 2080 Ti     On  | 00000000:1C:00.0 Off |                  N/A |
| 31%   26C    P8              16W / 250W |      2MiB / 11264MiB |      0%      Default |
|                                         |                      |                  N/A |
+-----------------------------------------+----------------------+----------------------+
                                                                                         
+---------------------------------------------------------------------------------------+
| Processes:                                                                            |
|  GPU   GI   CI        PID   Type   Process name                            GPU Memory |
|        ID   ID                                                             Usage      |
|=======================================================================================|
|  No running processes found                                                           |
+---------------------------------------------------------------------------------------+
Traceback (most recent call last):
  File "script_train.py", line 24, in <module>
    img_data = CityscapesDataset(args.datadir, split='train', mode='fine', augment=True)
  File "/home/wangdx_lab/cse12011923/pytorch-cifar/pytorch_unet/datasets.py", line 116, in __init__
    raise RuntimeError('Dataset not found or incomplete. Please make sure all required folders for the'
RuntimeError: Dataset not found or incomplete. Please make sure all required folders for the specified "split" and "mode" are inside the "root" directory
