Mon Dec 25 17:51:11 2023       
+---------------------------------------------------------------------------------------+
| NVIDIA-SMI 535.104.05             Driver Version: 535.104.05   CUDA Version: 12.2     |
|-----------------------------------------+----------------------+----------------------+
| GPU  Name                 Persistence-M | Bus-Id        Disp.A | Volatile Uncorr. ECC |
| Fan  Temp   Perf          Pwr:Usage/Cap |         Memory-Usage | GPU-Util  Compute M. |
|                                         |                      |               MIG M. |
|=========================================+======================+======================|
|   0  NVIDIA GeForce RTX 2080 Ti     On  | 00000000:04:00.0 Off |                  N/A |
| 31%   25C    P8              21W / 250W |      2MiB / 11264MiB |      0%      Default |
|                                         |                      |                  N/A |
+-----------------------------------------+----------------------+----------------------+
                                                                                         
+---------------------------------------------------------------------------------------+
| Processes:                                                                            |
|  GPU   GI   CI        PID   Type   Process name                            GPU Memory |
|        ID   ID                                                             Usage      |
|=======================================================================================|
|  No running processes found                                                           |
+---------------------------------------------------------------------------------------+
Traceback (most recent call last):
  File "script_train.py", line 6, in <module>
    from datasets import CityscapesDataset
  File "/home/wangdx_lab/cse12011923/pytorch-cifar/pytorch_unet/datasets.py", line 11, in <module>
    from torchvision.transforms import InterpolationMode
ImportError: cannot import name 'InterpolationMode' from 'torchvision.transforms' (/home/wangdx_lab/cse12011923/software/miniconda3/envs/pytorch-1.6.0/lib/python3.8/site-packages/torchvision/transforms/__init__.py)
